<?xml version="1.0" encoding="UTF-8"?>
<!-- Generated by org.testng.reporters.JUnitReportReporter -->
<testsuite skipped="0" hostname="DESKTOP-8EA7J2D" name="com.training.sanity.tests.ELTC_017_Test" tests="1" failures="0" timestamp="2019-09-09T11:25:32 IST" time="19.364" errors="0">
  <testcase name="validLoginTest" time="19.364" classname="com.training.sanity.tests.ELTC_017_Test"/>
</testsuite> <!-- com.training.sanity.tests.ELTC_017_Test -->
