<?xml version="1.0" encoding="UTF-8"?>
<!-- Generated by org.testng.reporters.JUnitReportReporter -->
<testsuite skipped="0" hostname="DESKTOP-8EA7J2D" name="com.training.regression.tests.LoginExcelTest080" tests="4" failures="0" timestamp="2019-09-27T10:30:35 IST" time="151.995" errors="0">
  <testcase name="checkExcelDataTest" time="44.077" classname="com.training.regression.tests.LoginExcelTest080"/>
  <testcase name="checkExcelDataTest" time="35.686" classname="com.training.regression.tests.LoginExcelTest080"/>
  <testcase name="checkExcelDataTest" time="37.651" classname="com.training.regression.tests.LoginExcelTest080"/>
  <testcase name="checkExcelDataTest" time="34.581" classname="com.training.regression.tests.LoginExcelTest080"/>
</testsuite> <!-- com.training.regression.tests.LoginExcelTest080 -->
