<?xml version="1.0" encoding="UTF-8"?>
<!-- Generated by org.testng.reporters.JUnitReportReporter -->
<testsuite skipped="0" hostname="DESKTOP-8EA7J2D" name="com.training.regression.tests.LoginExcelTest078" tests="1" failures="0" timestamp="2019-09-26T11:17:07 IST" time="19.962" errors="0">
  <testcase name="checkExcelDataTest" time="19.962" classname="com.training.regression.tests.LoginExcelTest078"/>
</testsuite> <!-- com.training.regression.tests.LoginExcelTest078 -->
