<?xml version="1.0" encoding="UTF-8"?>
<!-- Generated by org.testng.reporters.JUnitReportReporter -->
<testsuite skipped="0" hostname="DESKTOP-8EA7J2D" name="com.training.regression.tests.LoginDBTest" tests="3" failures="0" timestamp="2019-09-20T14:27:57 IST" time="52.300" errors="0">
  <testcase name="loginDBTest" time="16.492" classname="com.training.regression.tests.LoginDBTest"/>
  <testcase name="loginDBTest" time="17.217" classname="com.training.regression.tests.LoginDBTest"/>
  <testcase name="loginDBTest" time="18.591" classname="com.training.regression.tests.LoginDBTest"/>
</testsuite> <!-- com.training.regression.tests.LoginDBTest -->
