<?xml version="1.0" encoding="UTF-8"?>
<!-- Generated by org.testng.reporters.JUnitReportReporter -->
<testsuite skipped="0" hostname="DESKTOP-8EA7J2D" name="com.training.sanity.tests.LoginTests" tests="1" failures="0" timestamp="2019-09-03T11:45:17 IST" time="19.154" errors="0">
  <testcase name="validLoginTest" time="19.154" classname="com.training.sanity.tests.LoginTests"/>
</testsuite> <!-- com.training.sanity.tests.LoginTests -->
