<?xml version="1.0" encoding="UTF-8"?>
<!-- Generated by org.testng.reporters.JUnitReportReporter -->
<testsuite skipped="0" hostname="DESKTOP-8EA7J2D" name="com.training.regression.tests.LoginExcelTest079" tests="2" failures="0" timestamp="2019-09-26T17:39:38 IST" time="77.297" errors="0">
  <testcase name="checkExcelDataTest" time="34.893" classname="com.training.regression.tests.LoginExcelTest079"/>
  <testcase name="checkExcelDataTest1" time="42.404" classname="com.training.regression.tests.LoginExcelTest079"/>
</testsuite> <!-- com.training.regression.tests.LoginExcelTest079 -->
