<?xml version="1.0" encoding="UTF-8"?>
<!-- Generated by org.testng.reporters.JUnitReportReporter -->
<testsuite skipped="0" hostname="DESKTOP-8EA7J2D" name="com.training.sanity.tests.ELTC_048_Test" tests="3" failures="0" timestamp="2019-09-18T13:42:00 IST" time="27.134" errors="0">
  <testcase name="validLoginTest" time="5.786" classname="com.training.sanity.tests.ELTC_048_Test"/>
  <testcase name="createCoursesCategoriesTest" time="11.388" classname="com.training.sanity.tests.ELTC_048_Test"/>
  <testcase name="addAddUsersToCourse" time="9.960" classname="com.training.sanity.tests.ELTC_048_Test"/>
</testsuite> <!-- com.training.sanity.tests.ELTC_048_Test -->
