<?xml version="1.0" encoding="UTF-8"?>
<!-- Generated by org.testng.reporters.JUnitReportReporter -->
<testsuite skipped="0" hostname="DESKTOP-8EA7J2D" name="com.training.regression.tests.LoginExcelTest" tests="3" failures="0" timestamp="2019-09-19T12:01:53 IST" time="49.666" errors="0">
  <testcase name="loginDBTest" time="17.814" classname="com.training.regression.tests.LoginExcelTest"/>
  <testcase name="loginDBTest" time="14.919" classname="com.training.regression.tests.LoginExcelTest"/>
  <testcase name="loginDBTest" time="16.933" classname="com.training.regression.tests.LoginExcelTest"/>
</testsuite> <!-- com.training.regression.tests.LoginExcelTest -->
