<?xml version="1.0" encoding="UTF-8"?>
<!-- Generated by org.testng.reporters.JUnitReportReporter -->
<testsuite skipped="0" hostname="DESKTOP-8EA7J2D" name="com.training.sanity.tests.ELTC_046_Test" tests="2" failures="0" timestamp="2019-09-23T19:51:16 IST" time="8.526" errors="0">
  <testcase name="validLoginTest" time="4.834" classname="com.training.sanity.tests.ELTC_046_Test"/>
  <testcase name="createCoursesCategoriesTest" time="3.692" classname="com.training.sanity.tests.ELTC_046_Test"/>
</testsuite> <!-- com.training.sanity.tests.ELTC_046_Test -->
