<?xml version="1.0" encoding="UTF-8"?>
<!-- Generated by org.testng.reporters.JUnitReportReporter -->
<testsuite skipped="0" hostname="DESKTOP-8EA7J2D" name="com.training.regression.tests.LoginExcelTest077" tests="4" failures="0" timestamp="2019-09-25T16:10:08 IST" time="81.772" errors="0">
  <testcase name="checkExcelDataTest" time="19.489" classname="com.training.regression.tests.LoginExcelTest077"/>
  <testcase name="checkExcelDataTest" time="19.729" classname="com.training.regression.tests.LoginExcelTest077"/>
  <testcase name="checkExcelDataTest" time="22.332" classname="com.training.regression.tests.LoginExcelTest077"/>
  <testcase name="checkExcelDataTest" time="20.222" classname="com.training.regression.tests.LoginExcelTest077"/>
</testsuite> <!-- com.training.regression.tests.LoginExcelTest077 -->
