<?xml version="1.0" encoding="UTF-8"?>
<!-- Generated by org.testng.reporters.JUnitReportReporter -->
<testsuite skipped="0" hostname="DESKTOP-8EA7J2D" name="com.training.regression.tests.LoginExcelTest076" tests="4" failures="0" timestamp="2019-09-25T16:01:23 IST" time="84.122" errors="0">
  <testcase name="checkExcelDataTest" time="20.949" classname="com.training.regression.tests.LoginExcelTest076"/>
  <testcase name="checkExcelDataTest" time="22.186" classname="com.training.regression.tests.LoginExcelTest076"/>
  <testcase name="checkExcelDataTest" time="21.467" classname="com.training.regression.tests.LoginExcelTest076"/>
  <testcase name="checkExcelDataTest" time="19.520" classname="com.training.regression.tests.LoginExcelTest076"/>
</testsuite> <!-- com.training.regression.tests.LoginExcelTest076 -->
