<?xml version="1.0" encoding="UTF-8"?>
<!-- Generated by org.testng.reporters.JUnitReportReporter -->
<testsuite skipped="0" hostname="DESKTOP-8EA7J2D" name="com.training.sanity.tests.ELTC_016_Login" tests="1" failures="0" timestamp="2019-09-09T11:20:51 IST" time="23.050" errors="0">
  <testcase name="validLoginTest" time="23.050" classname="com.training.sanity.tests.ELTC_016_Login"/>
</testsuite> <!-- com.training.sanity.tests.ELTC_016_Login -->
