<?xml version="1.0" encoding="UTF-8"?>
<!-- Generated by org.testng.reporters.JUnitReportReporter -->
<testsuite skipped="0" hostname="DESKTOP-8EA7J2D" name="com.training.sanity.tests.ELTC_047_Test" tests="3" failures="0" timestamp="2019-09-16T12:04:19 IST" time="20.321" errors="0">
  <testcase name="createACoursesTest" time="7.722" classname="com.training.sanity.tests.ELTC_047_Test"/>
  <testcase name="validLoginTest" time="2.672" classname="com.training.sanity.tests.ELTC_047_Test"/>
  <testcase name="createCoursesCategoriesTest" time="9.927" classname="com.training.sanity.tests.ELTC_047_Test"/>
</testsuite> <!-- com.training.sanity.tests.ELTC_047_Test -->
