<?xml version="1.0" encoding="UTF-8"?>
<!-- Generated by org.testng.reporters.JUnitReportReporter -->
<testsuite skipped="0" hostname="DESKTOP-8EA7J2D" name="com.training.sanity.tests.ELTC_020_Test" tests="1" failures="0" timestamp="2019-09-09T11:57:02 IST" time="31.085" errors="0">
  <testcase name="validLoginTest" time="31.085" classname="com.training.sanity.tests.ELTC_020_Test"/>
</testsuite> <!-- com.training.sanity.tests.ELTC_020_Test -->
